4 0
 -1
 -1
 -1
 -1
4 0,



Errorrrrrrrr
Errorrrrrrrr
Errorrrrrrrr
Errorrrrrrrr
Errorrrrrrrr
Errorrrrrrrr
Errorrrrrrrr
Errorrrrrrrr
Errorrrrrrrr
Errorrrrrrrr
Errorrrrrrrr
Errorrrrrrrr
Errorrrrrrrr
Errorrrrrrrr
Errorrrrrrrr
Errorrrrrrrr
Errorrrrrrrr
Errorrrrrrrr
Errorrrrrrrr
Errorrrrrrrr
Errorrrrrrrr
Errorrrrrrrr
Errorrrrrrrr
Errorrrrrrrr
Errorrrrrrrr
Errorrrrrrrr
Errorrrrrrrr
Errorrrrrrrr
Errorrrrrrrr
Errorrrrrrrr
Errorrrrrrrr
Errorrrrrrrr
Errorrrrrrrr
Errorrrrrrrr
Errorrrrrrrr
Errorrrrrrrr
Errorrrrrrrr
Errorrrrrrrr
Errorrrrrrrr
Errorrrrrrrr
Errorrrrrrrr
Errorrrrrrrr
Errorrrrrrrr
Errorrrrrrrr
Errorrrrrrrr
Errorrrrrrrr
Errorrrrrrrr
Errorrrrrrrr
Errorrrrrrrr
Errorrrrrrrr
Errorrrrrrrr
Errorrrrrrrr
Errorrrrrrrr
Errorrrrrrrr
Errorrrrrrrr
Errorrrrrrrr
Errorrrrrrrr
Errorrrrrrrr
Errorrrrrrrr
Errorrrrrrrr
Errorrrrrrrr
Errorrrrrrrr
Errorrrrrrrr
Errorrrrrrrr
Errorrrrrrrr
Errorrrrrrrr
Errorrrrrrrr
Errorrrrrrrr
Errorrrrrrrr
Errorrrrrrrr
Errorrrrrrrr
Errorrrrrrrr
Errorrrrrrrr
Errorrrrrrrr
Errorrrrrrrr
Errorrrrrrrr
Errorrrrrrrr
Errorrrrrrrr
Errorrrrrrrr
Errorrrrrrrr
Errorrrrrrrr
Errorrrrrrrr
Errorrrrrrrr
Errorrrrrrrr
Errorrrrrrrr
Errorrrrrrrr
Errorrrrrrrr
Errorrrrrrrr
Errorrrrrrrr
Errorrrrrrrr
Errorrrrrrrr
Errorrrrrrrr
Errorrrrrrrr
Errorrrrrrrr
Errorrrrrrrr
Errorrrrrrrr
Errorrrrrrrr
Errorrrrrrrr
Errorrrrrrrr
Errorrrrrrrr
Errorrrrrrrr
Errorrrrrrrr
Errorrrrrrrr
Errorrrrrrrr
Errorrrrrrrr
Errorrrrrrrr
Errorrrrrrrr
Errorrrrrrrr
Errorrrrrrrr
Errorrrrrrrr
Errorrrrrrrr
Errorrrrrrrr
Errorrrrrrrr
Errorrrrrrrr
Errorrrrrrrr
Errorrrrrrrr
Errorrrrrrrr
Errorrrrrrrr
Errorrrrrrrr
Errorrrrrrrr
Errorrrrrrrr
Errorrrrrrrr
Errorrrrrrrr
Errorrrrrrrr
Errorrrrrrrr
Errorrrrrrrr
Errorrrrrrrr
Errorrrrrrrr
Errorrrrrrrr
Errorrrrrrrr
Errorrrrrrrr
Errorrrrrrrr
Errorrrrrrrr
Errorrrrrrrr
Errorrrrrrrr
Errorrrrrrrr
Errorrrrrrrr
Errorrrrrrrr
Errorrrrrrrr
Errorrrrrrrr
Errorrrrrrrr
Errorrrrrrrr
Errorrrrrrrr
Errorrrrrrrr
Errorrrrrrrr
Errorrrrrrrr
Errorrrrrrrr
Errorrrrrrrr
Errorrrrrrrr
Errorrrrrrrr
Errorrrrrrrr
Errorrrrrrrr
Errorrrrrrrr
Errorrrrrrrr
Errorrrrrrrr
Errorrrrrrrr
Errorrrrrrrr
Errorrrrrrrr
Errorrrrrrrr
Errorrrrrrrr
Errorrrrrrrr
Errorrrrrrrr
Errorrrrrrrr
Errorrrrrrrr
Errorrrrrrrr
Errorrrrrrrr
Errorrrrrrrr
Errorrrrrrrr
Errorrrrrrrr
Errorrrrrrrr
Errorrrrrrrr
Errorrrrrrrr
Errorrrrrrrr
Errorrrrrrrr
Errorrrrrrrr
Errorrrrrrrr
Errorrrrrrrr
Errorrrrrrrr
Errorrrrrrrr
Errorrrrrrrr
Errorrrrrrrr
Errorrrrrrrr
Errorrrrrrrr
Errorrrrrrrr
Errorrrrrrrr
Errorrrrrrrr
Errorrrrrrrr
Errorrrrrrrr
Errorrrrrrrr
Errorrrrrrrr
Errorrrrrrrr
Errorrrrrrrr
Errorrrrrrrr
Errorrrrrrrr
Errorrrrrrrr
Errorrrrrrrr
Errorrrrrrrr
Errorrrrrrrr
Errorrrrrrrr
Errorrrrrrrr
Errorrrrrrrr
Errorrrrrrrr
Errorrrrrrrr
Errorrrrrrrr
Errorrrrrrrr
Errorrrrrrrr
Errorrrrrrrr
Errorrrrrrrr
Errorrrrrrrr
Errorrrrrrrr
Errorrrrrrrr
Errorrrrrrrr
Errorrrrrrrr
Errorrrrrrrr
Errorrrrrrrr
Errorrrrrrrr
Errorrrrrrrr
Errorrrrrrrr
Errorrrrrrrr
Errorrrrrrrr
Errorrrrrrrr
Errorrrrrrrr
Errorrrrrrrr
Errorrrrrrrr
Errorrrrrrrr
Errorrrrrrrr
Errorrrrrrrr
Errorrrrrrrr
Errorrrrrrrr
Errorrrrrrrr
Errorrrrrrrr
Errorrrrrrrr
Errorrrrrrrr
Errorrrrrrrr
Errorrrrrrrr
Errorrrrrrrr
Errorrrrrrrr
Errorrrrrrrr
Errorrrrrrrr
Errorrrrrrrr
Errorrrrrrrr
Errorrrrrrrr
Errorrrrrrrr
Errorrrrrrrr
Errorrrrrrrr
Errorrrrrrrr
Errorrrrrrrr
Errorrrrrrrr
Errorrrrrrrr
Errorrrrrrrr
Errorrrrrrrr
Errorrrrrrrr
Errorrrrrrrr
Errorrrrrrrr
Errorrrrrrrr
Errorrrrrrrr
Constructor (array) or toStringCompressed ERROR
