6 16
 0 15 -1
 0 0 2 2 4 4 6 6 8 8 10 10 12 12 14 14 -1
 1 1 3 3 5 5 7 7 9 9 11 11 13 13 15 15 -1
 0 0 2 2 4 4 6 6 9 9 11 11 13 13 15 15 -1
 1 1 3 3 5 5 7 8 10 10 12 12 14 14 -1
 -1
ones->0 0 -1 
zero->16 15 0 
ones->0 0 -1 
zero->1 0 0 
ones->1 2 0 
zero->1 2 2 
ones->1 4 2 
zero->1 4 4 
ones->1 6 4 
zero->1 6 6 
ones->1 8 6 
zero->1 8 8 
ones->1 10 8 
zero->1 10 10 
ones->1 12 10 
zero->1 12 12 
ones->1 14 12 
zero->1 14 14 
ones->1 1 -1 
zero->1 1 1 
ones->1 3 1 
zero->1 3 3 
ones->1 5 3 
zero->1 5 5 
ones->1 7 5 
zero->1 7 7 
ones->1 9 7 
zero->1 9 9 
ones->1 11 9 
zero->1 11 11 
ones->1 13 11 
zero->1 13 13 
ones->1 15 13 
zero->1 15 15 
ones->0 0 -1 
zero->1 0 0 
ones->1 2 0 
zero->1 2 2 
ones->1 4 2 
zero->1 4 4 
ones->1 6 4 
zero->1 6 6 
ones->2 9 6 
zero->1 9 9 
ones->1 11 9 
zero->1 11 11 
ones->1 13 11 
zero->1 13 13 
ones->1 15 13 
zero->1 15 15 
ones->1 1 -1 
zero->1 1 1 
ones->1 3 1 
zero->1 3 3 
ones->1 5 3 
zero->1 5 5 
ones->1 7 5 
zero->2 8 7 
ones->1 10 8 
zero->1 10 10 
ones->1 12 10 
zero->1 12 12 
ones->1 14 12 
zero->1 14 14 
6 16, 0 0 0 0 0 0 0 0 0 0 0 0 0 0 0 0
 0 $ 0 $ 0 $ 0 $ 0 $ 0 $ 0 $ 0 &
 $ 0 $ 0 $ 0 $ 0 $ 0 $ 0 $ 0 $ 0
 0 $ 0 $ 0 $ 0 $ $ 0 $ 0 $ 0 $ 0
 $ 0 $ 0 $ 0 $ 0 0 $ 0 $ 0 $ 0 &
 & & & & & & & & & & & & & & & &
Errorrrrrrrr
Errorrrrrrrr
Errorrrrrrrr
Errorrrrrrrr
Errorrrrrrrr
Errorrrrrrrr
Errorrrrrrrr
Errorrrrrrrr
Errorrrrrrrr
Errorrrrrrrr
Errorrrrrrrr
Errorrrrrrrr
Errorrrrrrrr
Errorrrrrrrr
Errorrrrrrrr
Errorrrrrrrr
Errorrrrrrrr
Errorrrrrrrr
Errorrrrrrrr
Errorrrrrrrr
Errorrrrrrrr
Errorrrrrrrr
Errorrrrrrrr
Errorrrrrrrr
Errorrrrrrrr
Errorrrrrrrr
Errorrrrrrrr
Errorrrrrrrr
Errorrrrrrrr
Errorrrrrrrr
Errorrrrrrrr
Errorrrrrrrr
Errorrrrrrrr
Errorrrrrrrr
Errorrrrrrrr
Errorrrrrrrr
Errorrrrrrrr
Errorrrrrrrr
Errorrrrrrrr
Errorrrrrrrr
Errorrrrrrrr
Errorrrrrrrr
Errorrrrrrrr
Errorrrrrrrr
Errorrrrrrrr
Errorrrrrrrr
Errorrrrrrrr
Errorrrrrrrr
Errorrrrrrrr
Errorrrrrrrr
Errorrrrrrrr
Errorrrrrrrr
Errorrrrrrrr
Errorrrrrrrr
Errorrrrrrrr
Errorrrrrrrr
Errorrrrrrrr
Errorrrrrrrr
Errorrrrrrrr
Errorrrrrrrr
Errorrrrrrrr
Errorrrrrrrr
Errorrrrrrrr
Errorrrrrrrr
Errorrrrrrrr
Errorrrrrrrr
Errorrrrrrrr
Errorrrrrrrr
Errorrrrrrrr
Errorrrrrrrr
Errorrrrrrrr
Errorrrrrrrr
Errorrrrrrrr
Errorrrrrrrr
Errorrrrrrrr
Errorrrrrrrr
Errorrrrrrrr
Errorrrrrrrr
Errorrrrrrrr
Errorrrrrrrr
Errorrrrrrrr
Errorrrrrrrr
Errorrrrrrrr
Errorrrrrrrr
Errorrrrrrrr
Errorrrrrrrr
Errorrrrrrrr
Errorrrrrrrr
Errorrrrrrrr
Errorrrrrrrr
Errorrrrrrrr
Errorrrrrrrr
Errorrrrrrrr
Errorrrrrrrr
Errorrrrrrrr
Errorrrrrrrr
Errorrrrrrrr
Errorrrrrrrr
Errorrrrrrrr
Errorrrrrrrr
Errorrrrrrrr
Errorrrrrrrr
Errorrrrrrrr
Errorrrrrrrr
Errorrrrrrrr
Errorrrrrrrr
Errorrrrrrrr
Errorrrrrrrr
Errorrrrrrrr
Errorrrrrrrr
Errorrrrrrrr
Errorrrrrrrr
Errorrrrrrrr
Errorrrrrrrr
Errorrrrrrrr
Errorrrrrrrr
Errorrrrrrrr
Errorrrrrrrr
Errorrrrrrrr
Errorrrrrrrr
Errorrrrrrrr
Errorrrrrrrr
Errorrrrrrrr
Errorrrrrrrr
Errorrrrrrrr
Errorrrrrrrr
Errorrrrrrrr
Errorrrrrrrr
Errorrrrrrrr
Errorrrrrrrr
Errorrrrrrrr
Errorrrrrrrr
Errorrrrrrrr
Errorrrrrrrr
Errorrrrrrrr
Errorrrrrrrr
Errorrrrrrrr
Errorrrrrrrr
Errorrrrrrrr
Errorrrrrrrr
Errorrrrrrrr
Errorrrrrrrr
Errorrrrrrrr
Errorrrrrrrr
Errorrrrrrrr
Errorrrrrrrr
Errorrrrrrrr
Errorrrrrrrr
Errorrrrrrrr
Errorrrrrrrr
Errorrrrrrrr
Errorrrrrrrr
Errorrrrrrrr
Errorrrrrrrr
Errorrrrrrrr
Errorrrrrrrr
Errorrrrrrrr
Errorrrrrrrr
Errorrrrrrrr
Errorrrrrrrr
Constructor (array) or toStringCompressed ERROR
toStringUnCompressed ERROR
