32 16, -1, 8 15 -1, 4 7 12 15 -1, 2 3 6 7 10 11 14 15 -1, 1 1 3 3 5 5 7 7 9 9 11 11 13 13 15 15 -1, 0 15 -1, 0 0 2 2 4 4 6 6 8 8 10 10 12 12 14 14 -1, 0 1 4 5 8 9 12 13 -1, 0 3 8 11 -1, 0 7 -1, -1, 2 2 5 5 8 8 11 11 14 14 -1, 0 1 3 4 6 7 9 10 12 13 15 15 -1, 1 1 4 4 7 7 10 10 13 13 -1, 0 0 2 3 5 6 8 9 11 12 14 15 -1, 0 0 5 7 9 10 15 15 -1, 0 15 -1, 0 7 -1, 0 3 8 11 -1, 0 1 4 5 8 9 12 13 -1, 0 0 2 2 4 4 6 6 8 8 10 10 12 12 14 14 -1, -1, 1 1 3 3 5 5 7 7 9 9 11 11 13 13 15 15 -1, 2 3 6 7 10 11 14 15 -1, 4 7 12 15 -1, 8 15 -1, 0 15 -1, 0 1 3 4 6 7 9 10 12 13 15 15 -1, 2 2 5 5 8 8 11 11 14 14 -1, 0 0 2 3 5 6 8 9 11 12 14 15 -1, 1 1 4 4 7 7 10 10 13 13 -1, 1 4 8 8 11 14 -1
32 16, 0 15 -1, 0 7 -1, 0 3 8 11 -1, 0 1 4 5 8 9 12 13 -1, 0 0 2 2 4 4 6 6 8 8 10 10 12 12 14 14 -1, -1, 1 1 3 3 5 5 7 7 9 9 11 11 13 13 15 15 -1, 2 3 6 7 10 11 14 15 -1, 4 7 12 15 -1, 8 15 -1, 0 15 -1, 0 1 3 4 6 7 9 10 12 13 15 15 -1, 2 2 5 5 8 8 11 11 14 14 -1, 0 0 2 3 5 6 8 9 11 12 14 15 -1, 1 1 4 4 7 7 10 10 13 13 -1, 1 4 8 8 11 14 -1, -1, 8 15 -1, 4 7 12 15 -1, 2 3 6 7 10 11 14 15 -1, 1 1 3 3 5 5 7 7 9 9 11 11 13 13 15 15 -1, 0 15 -1, 0 0 2 2 4 4 6 6 8 8 10 10 12 12 14 14 -1, 0 1 4 5 8 9 12 13 -1, 0 3 8 11 -1, 0 7 -1, -1, 2 2 5 5 8 8 11 11 14 14 -1, 0 1 3 4 6 7 9 10 12 13 15 15 -1, 1 1 4 4 7 7 10 10 13 13 -1, 0 0 2 3 5 6 8 9 11 12 14 15 -1, 0 0 5 7 9 10 15 15 -1
 Gonna start printing 

 Gonna start printing 

 Gonna start printing 

 Gonna start printing 

 Gonna start printing 

 Gonna start printing 

 Gonna start printing 

 Gonna start printing 

 Gonna start printing 

 Gonna start printing 

 Gonna start printing 

 Gonna start printing 

 Gonna start printing 

 Gonna start printing 

 Gonna start printing 

 Gonna start printing 

 Gonna start printing 

 Gonna start printing 

 Gonna start printing 

 Gonna start printing 

 Gonna start printing 

 Gonna start printing 

 Gonna start printing 

 Gonna start printing 

 Gonna start printing 

 Gonna start printing 

 Gonna start printing 

 Gonna start printing 

 Gonna start printing 

 Gonna start printing 

 Gonna start printing 

 Gonna start printing 

32 16, -1, -1, -1, -1, -1, -1, -1, -1, -1, -1, -1, -1, -1, -1, -1, -1, -1, -1, -1, -1, -1, -1, -1, -1, -1, -1, -1, -1, -1, -1, -1, -1
32 16, 1 1 1 1 1 1 1 1 1 1 1 1 1 1 1 1, 1 1 1 1 1 1 1 1 1 1 1 1 1 1 1 1, 1 1 1 1 1 1 1 1 1 1 1 1 1 1 1 1, 1 1 1 1 1 1 1 1 1 1 1 1 1 1 1 1, 1 1 1 1 1 1 1 1 1 1 1 1 1 1 1 1, 1 1 1 1 1 1 1 1 1 1 1 1 1 1 1 1, 1 1 1 1 1 1 1 1 1 1 1 1 1 1 1 1, 1 1 1 1 1 1 1 1 1 1 1 1 1 1 1 1, 1 1 1 1 1 1 1 1 1 1 1 1 1 1 1 1, 1 1 1 1 1 1 1 1 1 1 1 1 1 1 1 1, 1 1 1 1 1 1 1 1 1 1 1 1 1 1 1 1, 1 1 1 1 1 1 1 1 1 1 1 1 1 1 1 1, 1 1 1 1 1 1 1 1 1 1 1 1 1 1 1 1, 1 1 1 1 1 1 1 1 1 1 1 1 1 1 1 1, 1 1 1 1 1 1 1 1 1 1 1 1 1 1 1 1, 1 1 1 1 1 1 1 1 1 1 1 1 1 1 1 1, 1 1 1 1 1 1 1 1 1 1 1 1 1 1 1 1, 1 1 1 1 1 1 1 1 1 1 1 1 1 1 1 1, 1 1 1 1 1 1 1 1 1 1 1 1 1 1 1 1, 1 1 1 1 1 1 1 1 1 1 1 1 1 1 1 1, 1 1 1 1 1 1 1 1 1 1 1 1 1 1 1 1, 1 1 1 1 1 1 1 1 1 1 1 1 1 1 1 1, 1 1 1 1 1 1 1 1 1 1 1 1 1 1 1 1, 1 1 1 1 1 1 1 1 1 1 1 1 1 1 1 1, 1 1 1 1 1 1 1 1 1 1 1 1 1 1 1 1, 1 1 1 1 1 1 1 1 1 1 1 1 1 1 1 1, 1 1 1 1 1 1 1 1 1 1 1 1 1 1 1 1, 1 1 1 1 1 1 1 1 1 1 1 1 1 1 1 1, 1 1 1 1 1 1 1 1 1 1 1 1 1 1 1 1, 1 1 1 1 1 1 1 1 1 1 1 1 1 1 1 1, 1 1 1 1 1 1 1 1 1 1 1 1 1 1 1 1, 1 1 1 1 1 1 1 1 1 1 1 1 1 1 1 1
ALL TESTS SUCCESSFUL! YAYY!
